(.venv) ➜  v2_pokemon_kmeans git:(main) ✗ python pokemon_hebbian_deep_encode.py                                                                                                                                                                   <aws:kenny> <region:us-west-2>
[LOG] Step 0: energy=0.3304, delta=0.000156, norm=122.4064                      <aws:kenny> <region:us-west-2>
[LOG] Step 1: energy=0.3304, delta=0.000155, norm=122.4184
[LOG] Step 2: energy=0.3322, delta=0.000156, norm=122.4298
[LOG] Step 3: energy=0.3331, delta=0.000156, norm=122.4417
[LOG] Step 4: energy=0.3307, delta=0.000156, norm=122.4532
[LOG] Step 5: energy=0.3303, delta=0.000158, norm=122.4657
[LOG] Step 6: energy=0.3296, delta=0.000155, norm=122.4775
[LOG] Step 7: energy=0.3311, delta=0.000155, norm=122.4890
[LOG] Step 8: energy=0.3321, delta=0.000155, norm=122.5010
[LOG] Step 9: energy=0.3296, delta=0.000157, norm=122.5130
[LOG] Step 10: energy=0.3320, delta=0.000155, norm=122.5243
[LOG] Step 11: energy=0.3335, delta=0.000157, norm=122.5359
[LOG] Step 12: energy=0.3282, delta=0.000157, norm=122.5479
[LOG] Step 13: energy=0.3307, delta=0.000156, norm=122.5603
[LOG] Step 14: energy=0.3310, delta=0.000155, norm=122.5717
[LOG] Step 15: energy=0.3301, delta=0.000156, norm=122.5833
[LOG] Step 16: energy=0.3307, delta=0.000157, norm=122.5945
[LOG] Step 17: energy=0.3317, delta=0.000155, norm=122.6056
[LOG] Step 18: energy=0.3286, delta=0.000156, norm=122.6171
[LOG] Step 19: energy=0.3300, delta=0.000156, norm=122.6284
[LOG] Step 20: energy=0.3290, delta=0.000155, norm=122.6401
[LOG] Step 21: energy=0.3299, delta=0.000155, norm=122.6512
[LOG] Step 22: energy=0.3283, delta=0.000156, norm=122.6627
[LOG] Step 23: energy=0.3301, delta=0.000156, norm=122.6740
[LOG] Step 24: energy=0.3299, delta=0.000156, norm=122.6859
[LOG] Step 25: energy=0.3323, delta=0.000155, norm=122.6965
[LOG] Step 26: energy=0.3296, delta=0.000156, norm=122.7080
[LOG] Step 27: energy=0.3274, delta=0.000156, norm=122.7202
[LOG] Step 28: energy=0.3318, delta=0.000155, norm=122.7309
[LOG] Step 29: energy=0.3285, delta=0.000156, norm=122.7430
[LOG] Step 30: energy=0.3320, delta=0.000155, norm=122.7540
[LOG] Step 31: energy=0.3263, delta=0.000155, norm=122.7653
[LOG] Step 32: energy=0.3306, delta=0.000154, norm=122.7764
[LOG] Step 33: energy=0.3293, delta=0.000155, norm=122.7878
[LOG] Step 34: energy=0.3301, delta=0.000154, norm=122.7991
[LOG] Step 35: energy=0.3290, delta=0.000154, norm=122.8098
[LOG] Step 36: energy=0.3304, delta=0.000155, norm=122.8218
[LOG] Step 37: energy=0.3310, delta=0.000156, norm=122.8329
[LOG] Step 38: energy=0.3308, delta=0.000154, norm=122.8440
[LOG] Step 39: energy=0.3298, delta=0.000155, norm=122.8556
[LOG] Step 40: energy=0.3304, delta=0.000157, norm=122.8671
[LOG] Step 41: energy=0.3312, delta=0.000155, norm=122.8784
[LOG] Step 42: energy=0.3282, delta=0.000155, norm=122.8896
[LOG] Step 43: energy=0.3289, delta=0.000154, norm=122.9006
[LOG] Step 44: energy=0.3325, delta=0.000154, norm=122.9117
[LOG] Step 45: energy=0.3312, delta=0.000155, norm=122.9231
[LOG] Step 46: energy=0.3323, delta=0.000156, norm=122.9342
[LOG] Step 47: energy=0.3324, delta=0.000156, norm=122.9460
[LOG] Step 48: energy=0.3292, delta=0.000155, norm=122.9573
[LOG] Step 49: energy=0.3315, delta=0.000155, norm=122.9690
[LOG] Step 50: energy=0.3307, delta=0.000156, norm=122.9803
[LOG] Step 51: energy=0.3325, delta=0.000154, norm=122.9909
[LOG] Step 52: energy=0.3292, delta=0.000156, norm=123.0026
[LOG] Step 53: energy=0.3319, delta=0.000155, norm=123.0139
[LOG] Step 54: energy=0.3304, delta=0.000155, norm=123.0255
[LOG] Step 55: energy=0.3303, delta=0.000156, norm=123.0371
[LOG] Step 56: energy=0.3312, delta=0.000156, norm=123.0478
[LOG] Step 57: energy=0.3317, delta=0.000157, norm=123.0599
[LOG] Step 58: energy=0.3300, delta=0.000156, norm=123.0714
[LOG] Step 59: energy=0.3291, delta=0.000155, norm=123.0826
[LOG] Step 60: energy=0.3312, delta=0.000156, norm=123.0939
[LOG] Step 61: energy=0.3291, delta=0.000156, norm=123.1051
[LOG] Step 62: energy=0.3292, delta=0.000155, norm=123.1168
[LOG] Step 63: energy=0.3302, delta=0.000154, norm=123.1279
[LOG] Step 64: energy=0.3280, delta=0.000157, norm=123.1393
[LOG] Step 65: energy=0.3296, delta=0.000155, norm=123.1507
[LOG] Step 66: energy=0.3290, delta=0.000154, norm=123.1625
[LOG] Step 67: energy=0.3304, delta=0.000156, norm=123.1740
[LOG] Step 68: energy=0.3293, delta=0.000155, norm=123.1853
[LOG] Step 69: energy=0.3262, delta=0.000156, norm=123.1963
[LOG] Step 70: energy=0.3310, delta=0.000154, norm=123.2074
[LOG] Step 71: energy=0.3315, delta=0.000154, norm=123.2185
[LOG] Step 72: energy=0.3309, delta=0.000154, norm=123.2300
[LOG] Step 73: energy=0.3292, delta=0.000155, norm=123.2412
[LOG] Step 74: energy=0.3294, delta=0.000155, norm=123.2524
[LOG] Step 75: energy=0.3308, delta=0.000154, norm=123.2634
[LOG] Step 76: energy=0.3307, delta=0.000155, norm=123.2746
[LOG] Step 77: energy=0.3297, delta=0.000155, norm=123.2860
[LOG] Step 78: energy=0.3297, delta=0.000154, norm=123.2972
[LOG] Step 79: energy=0.3309, delta=0.000155, norm=123.3086
[LOG] Step 80: energy=0.3301, delta=0.000156, norm=123.3198
[LOG] Step 81: energy=0.3288, delta=0.000156, norm=123.3314
[LOG] Step 82: energy=0.3281, delta=0.000156, norm=123.3431
[LOG] Step 83: energy=0.3276, delta=0.000155, norm=123.3543
[LOG] Step 84: energy=0.3308, delta=0.000153, norm=123.3654
[LOG] Step 85: energy=0.3279, delta=0.000156, norm=123.3769
[LOG] Step 86: energy=0.3289, delta=0.000155, norm=123.3882
[LOG] Step 87: energy=0.3279, delta=0.000156, norm=123.3998
[LOG] Step 88: energy=0.3293, delta=0.000154, norm=123.4107
[LOG] Step 89: energy=0.3310, delta=0.000156, norm=123.4216
[LOG] Step 90: energy=0.3261, delta=0.000157, norm=123.4335
[LOG] Step 91: energy=0.3274, delta=0.000155, norm=123.4451
[LOG] Step 92: energy=0.3285, delta=0.000155, norm=123.4568
[LOG] Step 93: energy=0.3295, delta=0.000155, norm=123.4680
[LOG] Step 94: energy=0.3290, delta=0.000155, norm=123.4791
[LOG] Step 95: energy=0.3293, delta=0.000155, norm=123.4906
[LOG] Step 96: energy=0.3269, delta=0.000155, norm=123.5019
[LOG] Step 97: energy=0.3300, delta=0.000154, norm=123.5129
[LOG] Step 98: energy=0.3286, delta=0.000155, norm=123.5243
[LOG] Step 99: energy=0.3297, delta=0.000154, norm=123.5358
[LOG] Step 100: energy=0.3302, delta=0.000155, norm=123.5469
[LOG] Step 101: energy=0.3276, delta=0.000155, norm=123.5582
[LOG] Step 102: energy=0.3296, delta=0.000154, norm=123.5699
[LOG] Step 103: energy=0.3269, delta=0.000155, norm=123.5813
[LOG] Step 104: energy=0.3292, delta=0.000155, norm=123.5925
[LOG] Step 105: energy=0.3286, delta=0.000155, norm=123.6036
[LOG] Step 106: energy=0.3265, delta=0.000156, norm=123.6152
[LOG] Step 107: energy=0.3306, delta=0.000156, norm=123.6271
[LOG] Step 108: energy=0.3275, delta=0.000154, norm=123.6383
[LOG] Step 109: energy=0.3303, delta=0.000156, norm=123.6498
[LOG] Step 110: energy=0.3302, delta=0.000156, norm=123.6607
[LOG] Step 111: energy=0.3297, delta=0.000155, norm=123.6721
[LOG] Step 112: energy=0.3345, delta=0.000039, norm=123.6752
Feature stats: -0.035009865 0.055948526 False
/Users/kenny/code/ai/hebbian_image_encoder/.venv/lib/python3.9/site-packages/sklearn/utils/extmath.py:203: RuntimeWarning: divide by zero encountered in matmul
  ret = a @ b
/Users/kenny/code/ai/hebbian_image_encoder/.venv/lib/python3.9/site-packages/sklearn/utils/extmath.py:203: RuntimeWarning: overflow encountered in matmul
  ret = a @ b
/Users/kenny/code/ai/hebbian_image_encoder/.venv/lib/python3.9/site-packages/sklearn/utils/extmath.py:203: RuntimeWarning: invalid value encountered in matmul
  ret = a @ b
/Users/kenny/code/ai/hebbian_image_encoder/.venv/lib/python3.9/site-packages/sklearn/utils/deprecation.py:151: FutureWarning: 'force_all_finite' was renamed to 'ensure_all_finite' in 1.6 and will be removed in 1.8.
  warnings.warn(
/Users/kenny/code/ai/hebbian_image_encoder/.venv/lib/python3.9/site-packages/umap/umap_.py:1952: UserWarning: n_jobs value 1 overridden to 1 by setting random_state. Use no seed for parallelism.
  warn(
[SAVED] pokemon_hebbian_cluster_plot.png
